/var/spool/slurmd/job45877518/slurm_script: line 14: .venv/bin/activate: No such file or directory
slurmstepd: error: *** STEP 45877518.0 ON nid002125 CANCELLED AT 2025-12-01T13:02:20 DUE TO TIME LIMIT ***
slurmstepd: error: *** JOB 45877518 ON nid002125 CANCELLED AT 2025-12-01T13:02:20 DUE TO TIME LIMIT ***
srun: Job step aborted: Waiting up to 32 seconds for job step to finish.
